<?xml version="1.0" encoding="UTF-8"?>
<!-- Generated by org.testng.reporters.JUnitReportReporter -->
<testsuite skipped="0" hostname="LAPTOP-19TF375Q" name="testNG.GroupingExample" tests="4" failures="0" timestamp="2020-07-16T17:59:34 IST" time="0.016" errors="0">
  <testcase name="vivo1" time="0.000" classname="testNG.GroupingExample"/>
  <system-out/>
  <testcase name="vivo2" time="0.002" classname="testNG.GroupingExample"/>
  <system-out/>
  <testcase name="moto1" time="0.011" classname="testNG.GroupingExample"/>
  <system-out/>
  <testcase name="moto2" time="0.003" classname="testNG.GroupingExample"/>
  <system-out/>
</testsuite> <!-- testNG.GroupingExample -->
