<?xml version="1.0" encoding="UTF-8"?>
<!-- Generated by org.testng.reporters.JUnitReportReporter -->
<testsuite skipped="1" hostname="LAPTOP-19TF375Q" name="testNG.SkipTestCase" tests="6" failures="0" timestamp="2020-07-16T17:35:25 IST" time="0.010" errors="0">
  <testcase name="startTheCar" time="0.002" classname="testNG.SkipTestCase"/>
  <system-out/>
  <testcase name="FirstGear" time="0.001" classname="testNG.SkipTestCase"/>
  <system-out/>
  <testcase name="secondGear" time="0.002" classname="testNG.SkipTestCase"/>
  <system-out/>
  <testcase name="thirdGear" time="0.003" classname="testNG.SkipTestCase"/>
  <system-out/>
  <testcase name="fourthGear" time="0.002" classname="testNG.SkipTestCase"/>
  <system-out/>
  <testcase name="startMusic" classname="testNG.SkipTestCase">
    <skipped/>
  </testcase> <!-- startMusic -->
  <system-out/>
</testsuite> <!-- testNG.SkipTestCase -->
