<?xml version="1.0" encoding="UTF-8"?>
<!-- Generated by org.testng.reporters.JUnitReportReporter -->
<testsuite skipped="1" hostname="LAPTOP-19TF375Q" name="testNG.SampleTestCase" tests="4" failures="0" timestamp="2020-07-16T17:35:25 IST" time="0.016" errors="0">
  <testcase name="secondTestCase" time="0.003" classname="testNG.SampleTestCase"/>
  <system-out/>
  <testcase name="thirdTestCase" time="0.002" classname="testNG.SampleTestCase"/>
  <system-out/>
  <testcase name="fourthTestCase" time="0.011" classname="testNG.SampleTestCase"/>
  <system-out/>
  <testcase name="firstTestCase" classname="testNG.SampleTestCase">
    <skipped/>
  </testcase> <!-- firstTestCase -->
  <system-out/>
</testsuite> <!-- testNG.SampleTestCase -->
