<?xml version="1.0" encoding="UTF-8"?>
<!-- Generated by org.testng.reporters.JUnitReportReporter -->
<testsuite skipped="0" hostname="LAPTOP-19TF375Q" name="testNG.ParallelTesting" tests="2" failures="0" timestamp="2020-07-16T20:44:53 IST" time="27.835" errors="0">
  <testcase name="openGoogle" time="13.779" classname="testNG.ParallelTesting"/>
  <system-out/>
  <testcase name="openBing" time="14.056" classname="testNG.ParallelTesting"/>
  <system-out/>
</testsuite> <!-- testNG.ParallelTesting -->
