<?xml version="1.0" encoding="UTF-8"?>
<!-- Generated by org.testng.reporters.JUnitReportReporter -->
<testsuite skipped="0" hostname="LAPTOP-19TF375Q" name="testNG.DriveACar" tests="1" failures="0" timestamp="2020-07-17T17:13:10 IST" time="0.018" errors="0">
  <testcase name="startTheCar" time="0.018" classname="testNG.DriveACar"/>
  <system-out/>
</testsuite> <!-- testNG.DriveACar -->
