<?xml version="1.0" encoding="UTF-8"?>
<!-- Generated by org.testng.reporters.JUnitReportReporter -->
<testsuite skipped="0" hostname="LAPTOP-19TF375Q" name="testNG.TestSuiteExample" tests="3" failures="0" timestamp="2020-07-16T14:04:41 IST" time="17.926" errors="0">
  <testcase name="openGoogle" time="3.053" classname="testNG.TestSuiteExample"/>
  <system-out/>
  <testcase name="openYahoo" time="10.299" classname="testNG.TestSuiteExample"/>
  <system-out/>
  <testcase name="openBing" time="4.574" classname="testNG.TestSuiteExample"/>
  <system-out/>
</testsuite> <!-- testNG.TestSuiteExample -->
