<?xml version="1.0" encoding="UTF-8"?>
<!-- Generated by org.testng.reporters.JUnitReportReporter -->
<testsuite skipped="0" hostname="LAPTOP-19TF375Q" name="testNG.TestAtClassLevel" tests="2" failures="0" timestamp="2020-07-17T20:29:02 IST" time="0.013" errors="0">
  <testcase name="method3" time="0.003" classname="testNG.TestAtClassLevel"/>
  <system-out/>
  <testcase name="method1" time="0.010" classname="testNG.TestAtClassLevel"/>
  <system-out/>
</testsuite> <!-- testNG.TestAtClassLevel -->
