<?xml version="1.0" encoding="UTF-8"?>
<!-- Generated by org.testng.reporters.JUnitReportReporter -->
<testsuite skipped="0" hostname="LAPTOP-19TF375Q" name="testNG.DependenciesManagement" tests="3" failures="0" timestamp="2020-07-16T11:20:29 IST" time="0.015" errors="0">
  <testcase name="highSchool" time="0.012" classname="testNG.DependenciesManagement"/>
  <system-out/>
  <testcase name="higherSecondary" time="0.001" classname="testNG.DependenciesManagement"/>
  <system-out/>
  <testcase name="engineeringCollege" time="0.002" classname="testNG.DependenciesManagement"/>
  <system-out/>
</testsuite> <!-- testNG.DependenciesManagement -->
