<?xml version="1.0" encoding="UTF-8"?>
<!-- Generated by org.testng.reporters.JUnitReportReporter -->
<testsuite skipped="0" hostname="LAPTOP-19TF375Q" name="testNG.ParameterizationExample" tests="1" failures="0" timestamp="2020-07-16T19:19:33 IST" time="0.013" errors="0">
  <testcase name="printName" time="0.013" classname="testNG.ParameterizationExample"/>
  <system-out/>
</testsuite> <!-- testNG.ParameterizationExample -->
