<?xml version="1.0" encoding="UTF-8"?>
<!-- Generated by org.testng.reporters.JUnitReportReporter -->
<testsuite skipped="0" hostname="LAPTOP-19TF375Q" name="testNG.CheckingDependsOn" tests="2" failures="0" timestamp="2020-07-17T21:00:03 IST" time="0.016" errors="0">
  <testcase name="methodOne" time="0.002" classname="testNG.CheckingDependsOn"/>
  <system-out/>
  <testcase name="methodTwo" time="0.014" classname="testNG.CheckingDependsOn"/>
  <system-out/>
</testsuite> <!-- testNG.CheckingDependsOn -->
