<?xml version="1.0" encoding="UTF-8"?>
<!-- Generated by org.testng.reporters.JUnitReportReporter -->
<testsuite skipped="0" hostname="LAPTOP-19TF375Q" name="testNG.ExpectedExceptionAttribute" tests="2" failures="0" timestamp="2020-07-17T20:19:12 IST" time="0.013" errors="0">
  <testcase name="exceptionTestTwo" time="0.002" classname="testNG.ExpectedExceptionAttribute"/>
  <system-out/>
  <testcase name="exceptionTestOne" time="0.011" classname="testNG.ExpectedExceptionAttribute"/>
  <system-out/>
</testsuite> <!-- testNG.ExpectedExceptionAttribute -->
